Determining if the pthread_create exist failed with the following output:
Change Dir: /home/countzero/repos/catkin_ws/build/CMakeFiles/CMakeTmp

Run Build Command:"/usr/bin/make" "cmTC_44db0/fast"
/usr/bin/make -f CMakeFiles/cmTC_44db0.dir/build.make CMakeFiles/cmTC_44db0.dir/build
make[1]: Entering directory '/home/countzero/repos/catkin_ws/build/CMakeFiles/CMakeTmp'
Building C object CMakeFiles/cmTC_44db0.dir/CheckSymbolExists.c.o
/usr/bin/cc     -o CMakeFiles/cmTC_44db0.dir/CheckSymbolExists.c.o   -c /home/countzero/repos/catkin_ws/build/CMakeFiles/CMakeTmp/CheckSymbolExists.c
Linking C executable cmTC_44db0
/usr/bin/cmake -E cmake_link_script CMakeFiles/cmTC_44db0.dir/link.txt --verbose=1
/usr/bin/cc       CMakeFiles/cmTC_44db0.dir/CheckSymbolExists.c.o  -o cmTC_44db0 -rdynamic 
CMakeFiles/cmTC_44db0.dir/CheckSymbolExists.c.o: In function `main':
/home/countzero/repos/catkin_ws/build/CMakeFiles/CMakeTmp/CheckSymbolExists.c:(.text+0x19): undefined reference to `pthread_create'
clang: error: linker command failed with exit code 1 (use -v to see invocation)
CMakeFiles/cmTC_44db0.dir/build.make:97: recipe for target 'cmTC_44db0' failed
make[1]: *** [cmTC_44db0] Error 1
make[1]: Leaving directory '/home/countzero/repos/catkin_ws/build/CMakeFiles/CMakeTmp'
Makefile:126: recipe for target 'cmTC_44db0/fast' failed
make: *** [cmTC_44db0/fast] Error 2

File /home/countzero/repos/catkin_ws/build/CMakeFiles/CMakeTmp/CheckSymbolExists.c:
/* */
#include <pthread.h>

int main(int argc, char** argv)
{
  (void)argv;
#ifndef pthread_create
  return ((int*)(&pthread_create))[argc];
#else
  (void)argc;
  return 0;
#endif
}

Determining if the function pthread_create exists in the pthreads failed with the following output:
Change Dir: /home/countzero/repos/catkin_ws/build/CMakeFiles/CMakeTmp

Run Build Command:"/usr/bin/make" "cmTC_5723e/fast"
/usr/bin/make -f CMakeFiles/cmTC_5723e.dir/build.make CMakeFiles/cmTC_5723e.dir/build
make[1]: Entering directory '/home/countzero/repos/catkin_ws/build/CMakeFiles/CMakeTmp'
Building C object CMakeFiles/cmTC_5723e.dir/CheckFunctionExists.c.o
/usr/bin/cc    -DCHECK_FUNCTION_EXISTS=pthread_create   -o CMakeFiles/cmTC_5723e.dir/CheckFunctionExists.c.o   -c /usr/share/cmake-3.5/Modules/CheckFunctionExists.c
Linking C executable cmTC_5723e
/usr/bin/cmake -E cmake_link_script CMakeFiles/cmTC_5723e.dir/link.txt --verbose=1
/usr/bin/cc   -DCHECK_FUNCTION_EXISTS=pthread_create    CMakeFiles/cmTC_5723e.dir/CheckFunctionExists.c.o  -o cmTC_5723e -rdynamic -lpthreads 
/usr/bin/ld: cannot find -lpthreads
clang: error: linker command failed with exit code 1 (use -v to see invocation)
CMakeFiles/cmTC_5723e.dir/build.make:97: recipe for target 'cmTC_5723e' failed
make[1]: *** [cmTC_5723e] Error 1
make[1]: Leaving directory '/home/countzero/repos/catkin_ws/build/CMakeFiles/CMakeTmp'
Makefile:126: recipe for target 'cmTC_5723e/fast' failed
make: *** [cmTC_5723e/fast] Error 2


